TN:
SF:src/config/auth.ts
FNF:0
FNH:0
DA:1,1
LF:1
LH:1
BRDA:2,0,0,1
BRDA:2,0,1,1
BRF:2
BRH:2
end_of_record
TN:
SF:src/config/sqlite.ts
FN:4,(anonymous_1)
FN:12,(anonymous_2)
FNF:2
FNH:2
FNDA:1,(anonymous_1)
FNDA:2,(anonymous_2)
DA:1,2
DA:2,2
DA:4,2
DA:5,1
DA:6,0
DA:8,1
DA:12,2
DA:13,2
DA:21,2
DA:34,2
LF:10
LH:9
BRDA:5,0,0,0
BRDA:5,0,1,1
BRF:2
BRH:1
end_of_record
TN:
SF:src/controllers/authController.ts
FN:7,(anonymous_8)
FNF:1
FNH:1
FNDA:3,(anonymous_8)
DA:2,1
DA:3,1
DA:4,1
DA:6,1
DA:8,3
DA:10,3
DA:11,3
DA:16,2
DA:17,1
DA:18,1
DA:21,1
DA:27,1
DA:29,1
DA:30,1
DA:32,0
DA:33,0
DA:39,1
LF:17
LH:15
BRDA:16,0,0,1
BRDA:29,1,0,1
BRDA:29,1,1,0
BRDA:29,2,0,1
BRDA:29,2,1,1
BRDA:29,2,2,1
BRF:6
BRH:5
end_of_record
TN:
SF:src/repositories/userRepository.ts
FN:11,(anonymous_1)
FN:15,(anonymous_2)
FN:19,(anonymous_3)
FN:30,(anonymous_4)
FN:31,(anonymous_5)
FN:38,(anonymous_6)
FNF:6
FNH:0
FNDA:0,(anonymous_1)
FNDA:0,(anonymous_2)
FNDA:0,(anonymous_3)
FNDA:0,(anonymous_4)
FNDA:0,(anonymous_5)
FNDA:0,(anonymous_6)
DA:1,1
DA:2,1
DA:10,1
DA:15,0
DA:16,0
DA:20,0
DA:21,0
DA:23,0
DA:31,0
DA:32,0
DA:39,0
DA:40,0
DA:41,0
DA:43,0
DA:44,0
DA:52,1
LF:16
LH:4
BRDA:20,0,0,0
BRDA:20,0,1,0
BRDA:39,1,0,0
BRDA:39,1,1,0
BRF:4
BRH:0
end_of_record
